Detecting compiler hash for triplet x64-windows...
Compiler found: C:/Program Files (x86)/Microsoft Visual Studio/18/BuildTools/VC/Tools/MSVC/14.50.35717/bin/Hostx64/x64/cl.exe
The following packages are already installed:
    glslang:x64-windows@16.3.0
    nlohmann-json:x64-windows@3.12.0#2
    sdl2:x64-windows@2.32.10
  * vcpkg-cmake:x64-windows@2024-04-23
  * vcpkg-cmake-config:x64-windows@2024-05-23
    vulkan-headers:x64-windows@1.4.341.0
    vulkan-loader:x64-windows@1.4.341.0
glslang provides CMake targets:

    find_package(glslang CONFIG REQUIRED)
    target_link_libraries(main PRIVATE glslang::glslang glslang::glslang-default-resource-limits glslang::SPIRV glslang::SPVRemapper)

The package nlohmann-json provides CMake targets:

    find_package(nlohmann_json CONFIG REQUIRED)
    target_link_libraries(main PRIVATE nlohmann_json::nlohmann_json)

The package nlohmann-json can be configured to not provide implicit conversions via a custom triplet file:

    set(nlohmann-json_IMPLICIT_CONVERSIONS OFF)

For more information, see the docs here:
    
    https://json.nlohmann.me/api/macros/json_use_implicit_conversions/

sdl2 provides CMake targets:

    find_package(SDL2 CONFIG REQUIRED)
    target_link_libraries(main
        PRIVATE
        $<TARGET_NAME_IF_EXISTS:SDL2::SDL2main>
        $<IF:$<TARGET_EXISTS:SDL2::SDL2>,SDL2::SDL2,SDL2::SDL2-static>
    )

Vulkan-Headers provides official find_package support:

    find_package(VulkanHeaders CONFIG)
    target_link_libraries(main PRIVATE Vulkan::Headers)

The package vulkan-loader provides the vulkan loader.
Please be aware of https://github.com/KhronosGroup/Vulkan-Loader/blob/main/docs/LoaderApplicationInterface.md#bundling-the-loader-with-an-application

All requested installations completed successfully in: 729 us
